<?xml version="1.0" encoding="UTF-8"?>
<testsuite name="ru.nsu.laptev.ParserTest" tests="2" skipped="0" failures="0" errors="0" timestamp="2024-11-25T04:28:01" hostname="MANUNITEDCHAMPI" time="0.048">
  <properties/>
  <testcase name="testParsing()" classname="ru.nsu.laptev.ParserTest" time="0.036"/>
  <testcase name="parserTest()" classname="ru.nsu.laptev.ParserTest" time="0.006"/>
  <system-out><![CDATA[]]></system-out>
  <system-err><![CDATA[]]></system-err>
</testsuite>
