<?xml version="1.0" encoding="UTF-8"?>
<testsuite name="ru.nsu.laptev.VariableTest" tests="1" skipped="0" failures="0" errors="0" timestamp="2024-10-09T04:41:57" hostname="MANUNITEDCHAMPI" time="0.035">
  <properties/>
  <testcase name="sampleTest()" classname="ru.nsu.laptev.VariableTest" time="0.035"/>
  <system-out><![CDATA[xx(x+y)]]></system-out>
  <system-err><![CDATA[]]></system-err>
</testsuite>
