<?xml version="1.0" encoding="UTF-8"?>
<testsuite name="ru.nsu.laptev.VariableTest" tests="1" skipped="0" failures="0" errors="0" timestamp="2024-10-07T17:39:13" hostname="MANUNITEDCHAMPI" time="0.041">
  <properties/>
  <testcase name="sampleTest()" classname="ru.nsu.laptev.VariableTest" time="0.041"/>
  <system-out><![CDATA[x]]></system-out>
  <system-err><![CDATA[]]></system-err>
</testsuite>
