<?xml version="1.0" encoding="UTF-8"?>
<testsuite name="ru.nsu.laptev.SubTest" tests="1" skipped="0" failures="0" errors="0" timestamp="2024-10-07T18:06:30" hostname="MANUNITEDCHAMPI" time="0.041">
  <properties/>
  <testcase name="sampleTest()" classname="ru.nsu.laptev.SubTest" time="0.041"/>
  <system-out><![CDATA[(6-5)(6-5)(6-x)]]></system-out>
  <system-err><![CDATA[]]></system-err>
</testsuite>
