<?xml version="1.0" encoding="UTF-8"?>
<testsuite name="ru.nsu.laptev.DivTest" tests="2" skipped="0" failures="0" errors="0" timestamp="2024-10-10T05:02:23" hostname="MANUNITEDCHAMPI" time="0.049">
  <properties/>
  <testcase name="divByZeroTest()" classname="ru.nsu.laptev.DivTest" time="0.028"/>
  <testcase name="divTest()" classname="ru.nsu.laptev.DivTest" time="0.019"/>
  <system-out><![CDATA[(4.0/2.0)]]></system-out>
  <system-err><![CDATA[]]></system-err>
</testsuite>
